<?xml version="1.0" encoding="UTF-8"?>
<!-- Generated by org.testng.reporters.JUnitReportReporter -->
<testsuite hostname="QT-INNO-LT0932" failures="0" tests="1" name="TestClassCreation.Login" time="35.165" errors="0" timestamp="2021-10-26T16:01:06 IST" skipped="0">
  <testcase classname="TestClassCreation.Login" name="LogintestPOM" time="35.165"/>
  <system-out/>
</testsuite> <!-- TestClassCreation.Login -->
